current directory: /home/patrl/repos/josiet-j.github.io/.direnv/ruby/gems/http_parser.rb-0.6.0/ext/ruby_http_parser
/nix/store/a3wafb77xrn5wcz21sxg8l40kdlm2wny-ruby-2.6.5/bin/ruby -I /nix/store/a3wafb77xrn5wcz21sxg8l40kdlm2wny-ruby-2.6.5/lib/ruby/2.6.0 -r ./siteconf20200407-16576-10621qu.rb extconf.rb
creating Makefile

current directory: /home/patrl/repos/josiet-j.github.io/.direnv/ruby/gems/http_parser.rb-0.6.0/ext/ruby_http_parser
make "DESTDIR=" clean
make[1]: Entering directory '/home/patrl/repos/josiet-j.github.io/.direnv/ruby/gems/http_parser.rb-0.6.0/ext/ruby_http_parser'
make[1]: Leaving directory '/home/patrl/repos/josiet-j.github.io/.direnv/ruby/gems/http_parser.rb-0.6.0/ext/ruby_http_parser'

current directory: /home/patrl/repos/josiet-j.github.io/.direnv/ruby/gems/http_parser.rb-0.6.0/ext/ruby_http_parser
make "DESTDIR="
make[1]: Entering directory '/home/patrl/repos/josiet-j.github.io/.direnv/ruby/gems/http_parser.rb-0.6.0/ext/ruby_http_parser'
compiling ruby_http_parser.c
ruby_http_parser.c: In function ‘on_message_begin’:
ruby_http_parser.c:108:3: warning: ISO C90 forbids mixed declarations and code [-Wdeclaration-after-statement]
  108 |   VALUE ret = Qnil;
      |   ^~~~~
ruby_http_parser.c: In function ‘on_header_value’:
ruby_http_parser.c:146:3: warning: ISO C90 forbids mixed declarations and code [-Wdeclaration-after-statement]
  146 |   int new_field = 0;
      |   ^~~
ruby_http_parser.c: In function ‘on_headers_complete’:
ruby_http_parser.c:192:3: warning: ISO C90 forbids mixed declarations and code [-Wdeclaration-after-statement]
  192 |   VALUE ret = Qnil;
      |   ^~~~~
ruby_http_parser.c: In function ‘on_body’:
ruby_http_parser.c:213:3: warning: ISO C90 forbids mixed declarations and code [-Wdeclaration-after-statement]
  213 |   VALUE ret = Qnil;
      |   ^~~~~
ruby_http_parser.c: In function ‘on_message_complete’:
ruby_http_parser.c:232:3: warning: ISO C90 forbids mixed declarations and code [-Wdeclaration-after-statement]
  232 |   VALUE ret = Qnil;
      |   ^~~~~
ruby_http_parser.c: In function ‘Parser_execute’:
ruby_http_parser.c:314:3: warning: ISO C90 forbids mixed declarations and code [-Wdeclaration-after-statement]
  314 |   char *ptr = RSTRING_PTR(data);
      |   ^~~~
ruby_http_parser.c:320:3: warning: ISO C90 forbids mixed declarations and code [-Wdeclaration-after-statement]
  320 |   size_t nparsed = ryah_http_parser_execute(&wrapper->parser, &settings, ptr, len);
      |   ^~~~~~
ruby_http_parser.c: In function ‘Parser_set_header_value_type’:
ruby_http_parser.c:451:3: warning: ISO C90 forbids mixed declarations and code [-Wdeclaration-after-statement]
  451 |   ParserWrapper *wrapper = NULL;
      |   ^~~~~~~~~~~~~
ruby_http_parser.c: At top level:
cc1: warning: unrecognized command line option ‘-Wno-self-assign’
cc1: warning: unrecognized command line option ‘-Wno-parentheses-equality’
cc1: warning: unrecognized command line option ‘-Wno-constant-logical-operand’
compiling ryah_http_parser.c
linking shared-object ruby_http_parser.so
make[1]: Leaving directory '/home/patrl/repos/josiet-j.github.io/.direnv/ruby/gems/http_parser.rb-0.6.0/ext/ruby_http_parser'

current directory: /home/patrl/repos/josiet-j.github.io/.direnv/ruby/gems/http_parser.rb-0.6.0/ext/ruby_http_parser
make "DESTDIR=" install
make[1]: Entering directory '/home/patrl/repos/josiet-j.github.io/.direnv/ruby/gems/http_parser.rb-0.6.0/ext/ruby_http_parser'
/nix/store/hzvl3dvv8651iqlb5g6gq5hzjzmhjn7m-coreutils-8.31/bin/install -c -m 0755 ruby_http_parser.so ./.gem.20200407-16576-mspjvv
make[1]: Leaving directory '/home/patrl/repos/josiet-j.github.io/.direnv/ruby/gems/http_parser.rb-0.6.0/ext/ruby_http_parser'
